# Server version 0.08 running on 142.157.168.42:8123
# Game ID: 87
# Board class: halma.CCBoard
# Timeout: 1000
# Date: Wed Apr 02 23:21:41 GMT-04:00 2014
# Player 1: Player-0, 'Human', running on 142.157.168.42
# Player 2: Player-1, 'Human', running on 142.157.168.42
# Player 3: Player-2, 'Human', running on 142.157.168.42
# Player 4: Player-3, '260449697', running on 142.157.168.42
START Player-0 Human
START Player-1 Human
START Player-2 Human
START Player-3 260449697
0 (2,2) (3,3)
1 (12,1) (11,2)
2 (2,13) (3,12)
3 (14,13) (12,13)
3 null null
0 (1,3) (2,4)
1 (13,2) (12,3)
2 (1,12) (2,11)
3 (13,14) (11,14)
3 null null
0 (3,1) (4,2)
1 (13,1) (12,2)
2 (2,14) (3,13)
3 (14,12) (14,13)
0 (2,1) (3,1)
1 (12,0) (11,1)
2 (0,12) (1,11)
3 (14,13) (13,14)
0 (2,4) (3,4)
1 (11,2) (11,3)
2 (3,13) (4,13)
3 (13,14) (11,12)
3 null null
0 (1,1) (2,2)
GAMEOVER DISCONNECTION Player-3
