# Server version 0.08 running on 142.157.168.42:8123
# Game ID: 71
# Board class: halma.CCBoard
# Timeout: 1000
# Date: Wed Apr 02 22:47:34 GMT-04:00 2014
# Player 1: Player-0, 'random', running on 142.157.168.42
# Player 2: Player-1, '260449697', running on 142.157.168.42
# Player 3: Player-2, '260449697', running on 142.157.168.42
# Player 4: Player-3, 'random', running on 142.157.168.42
START Player-0 random
START Player-1 260449697
START Player-2 260449697
START Player-3 random
0 (0,3) (1,4)
1 (12,1) (12,2)
2 (1,14) (3,12)
2 null null
3 (13,15) (11,15)
3 null null
0 (2,1) (4,1)
0 null null
1 (14,2) (14,4)
1 (14,4) (14,2)
1 (14,2) (14,4)
1 (14,4) (14,2)
1 (14,2) (14,4)
1 (14,4) (14,2)
1 (14,2) (14,4)
1 (14,4) (14,2)
1 (14,2) (14,4)
1 (14,4) (14,2)
1 (14,2) (14,4)
1 (14,4) (14,2)
1 (14,2) (14,4)
1 (14,4) (14,2)
1 (14,2) (14,4)
1 (14,4) (14,2)
1 (14,2) (14,4)
1 (14,4) (14,2)
1 (14,2) (14,4)
1 (14,4) (14,2)
1 (14,2) (14,4)
1 (14,4) (14,2)
1 (14,2) (14,4)
1 (14,4) (14,2)
1 (14,2) (14,4)
1 (14,4) (14,2)
1 (14,2) (14,4)
1 (14,4) (14,2)
1 (14,2) (14,4)
1 (14,4) (14,2)
1 (14,2) (14,4)
1 (14,4) (14,2)
1 (14,2) (14,4)
1 (14,4) (14,2)
1 (14,2) (14,4)
1 (14,4) (14,2)
1 (14,2) (14,4)
1 (14,4) (14,2)
1 (14,2) (14,4)
1 (14,4) (14,2)
1 (14,2) (14,4)
1 (14,4) (14,2)
1 (14,2) (14,4)
1 (14,4) (14,2)
1 (14,2) (14,4)
1 (14,4) (14,2)
1 (14,2) (14,4)
1 (14,4) (14,2)
1 (14,2) (14,4)
1 (14,4) (14,2)
1 (14,2) (14,4)
1 (14,4) (14,2)
1 (14,2) (14,4)
1 (14,4) (14,2)
1 (14,2) (14,4)
1 (14,4) (14,2)
1 (14,2) (14,4)
1 (14,4) (14,2)
1 (14,2) (14,4)
1 (14,4) (14,2)
1 (14,2) (14,4)
1 (14,4) (14,2)
1 (14,2) (14,4)
1 (14,4) (14,2)
1 (14,2) (14,4)
1 (14,4) (14,2)
1 (14,2) (14,4)
1 (14,4) (14,2)
1 (14,2) (14,4)
1 (14,4) (14,2)
1 (14,2) (14,4)
1 (14,4) (14,2)
1 (14,2) (14,4)
1 (14,4) (14,2)
1 (14,2) (14,4)
1 (14,4) (14,2)
1 (14,2) (14,4)
1 (14,4) (14,2)
1 (14,2) (14,4)
1 (14,4) (14,2)
1 (14,2) (14,4)
1 (14,4) (14,2)
1 (14,2) (14,4)
1 (14,4) (14,2)
1 (14,2) (14,4)
1 (14,4) (14,2)
1 (14,2) (14,4)
1 (14,4) (14,2)
1 (14,2) (14,4)
1 (14,4) (14,2)
1 (14,2) (14,4)
1 (14,4) (14,2)
1 (14,2) (14,4)
1 (14,4) (14,2)
1 (14,2) (14,4)
1 (14,4) (14,2)
1 (14,2) (14,4)
1 (14,4) (14,2)
1 (14,2) (14,4)
1 (14,4) (14,2)
1 (14,2) (14,4)
1 (14,4) (14,2)
1 (14,2) (14,4)
1 (14,4) (14,2)
1 (14,2) (14,4)
1 (14,4) (14,2)
1 (14,2) (14,4)
1 (14,4) (14,2)
1 (14,2) (14,4)
1 (14,4) (14,2)
1 (14,2) (14,4)
1 (14,4) (14,2)
1 (14,2) (14,4)
1 (14,4) (14,2)
1 (14,2) (14,4)
1 (14,4) (14,2)
1 (14,2) (14,4)
1 (14,4) (14,2)
1 (14,2) (14,4)
1 (14,4) (14,2)
1 (14,2) (14,4)
1 (14,4) (14,2)
1 (14,2) (14,4)
1 (14,4) (14,2)
1 (14,2) (14,4)
1 (14,4) (14,2)
1 (14,2) (14,4)
1 (14,4) (14,2)
1 (14,2) (14,4)
1 (14,4) (14,2)
1 (14,2) (14,4)
1 (14,4) (14,2)
1 (14,2) (14,4)
1 (14,4) (14,2)
1 (14,2) (14,4)
1 (14,4) (14,2)
1 (14,2) (14,4)
1 (14,4) (14,2)
1 (14,2) (14,4)
1 (14,4) (14,2)
1 (14,2) (14,4)
1 (14,4) (14,2)
1 (14,2) (14,4)
1 (14,4) (14,2)
1 (14,2) (14,4)
1 (14,4) (14,2)
1 (14,2) (14,4)
1 (14,4) (14,2)
1 (14,2) (14,4)
1 (14,4) (14,2)
1 (14,2) (14,4)
1 (14,4) (14,2)
1 (14,2) (14,4)
1 (14,4) (14,2)
1 (14,2) (14,4)
1 (14,4) (14,2)
1 (14,2) (14,4)
1 (14,4) (14,2)
1 (14,2) (14,4)
1 (14,4) (14,2)
1 (14,2) (14,4)
1 (14,4) (14,2)
1 (14,2) (14,4)
1 (14,4) (14,2)
1 (14,2) (14,4)
1 (14,4) (14,2)
1 (14,2) (14,4)
1 (14,4) (14,2)
1 (14,2) (14,4)
1 (14,4) (14,2)
1 (14,2) (14,4)
1 (14,4) (14,2)
1 (14,2) (14,4)
1 (14,4) (14,2)
1 (14,2) (14,4)
1 (14,4) (14,2)
1 (14,2) (14,4)
1 (14,4) (14,2)
1 (14,2) (14,4)
1 (14,4) (14,2)
1 (14,2) (14,4)
1 (14,4) (14,2)
1 (14,2) (14,4)
1 (14,4) (14,2)
1 (14,2) (14,4)
1 (14,4) (14,2)
1 (14,2) (14,4)
1 (14,4) (14,2)
1 (14,2) (14,4)
1 (14,4) (14,2)
1 (14,2) (14,4)
1 (14,4) (14,2)
1 (14,2) (14,4)
1 (14,4) (14,2)
1 (14,2) (14,4)
1 (14,4) (14,2)
1 (14,2) (14,4)
1 (14,4) (14,2)
1 (14,2) (14,4)
1 (14,4) (14,2)
1 (14,2) (14,4)
1 (14,4) (14,2)
1 (14,2) (14,4)
1 (14,4) (14,2)
1 (14,2) (14,4)
1 (14,4) (14,2)
1 (14,2) (14,4)
1 (14,4) (14,2)
1 (14,2) (14,4)
1 (14,4) (14,2)
1 (14,2) (14,4)
1 (14,4) (14,2)
1 (14,2) (14,4)
1 (14,4) (14,2)
1 (14,2) (14,4)
1 (14,4) (14,2)
1 (14,2) (14,4)
1 (14,4) (14,2)
1 (14,2) (14,4)
1 (14,4) (14,2)
1 (14,2) (14,4)
1 (14,4) (14,2)
1 (14,2) (14,4)
1 (14,4) (14,2)
1 (14,2) (14,4)
1 (14,4) (14,2)
1 (14,2) (14,4)
1 (14,4) (14,2)
1 (14,2) (14,4)
1 (14,4) (14,2)
1 (14,2) (14,4)
1 (14,4) (14,2)
1 (14,2) (14,4)
1 (14,4) (14,2)
1 (14,2) (14,4)
1 (14,4) (14,2)
1 (14,2) (14,4)
1 (14,4) (14,2)
1 (14,2) (14,4)
1 (14,4) (14,2)
1 (14,2) (14,4)
1 (14,4) (14,2)
1 (14,2) (14,4)
1 (14,4) (14,2)
1 (14,2) (14,4)
1 (14,4) (14,2)
1 (14,2) (14,4)
1 (14,4) (14,2)
1 (14,2) (14,4)
1 (14,4) (14,2)
1 (14,2) (14,4)
1 (14,4) (14,2)
1 (14,2) (14,4)
1 (14,4) (14,2)
1 (14,2) (14,4)
1 (14,4) (14,2)
1 (14,2) (14,4)
1 (14,4) (14,2)
1 (14,2) (14,4)
1 (14,4) (14,2)
1 (14,2) (14,4)
1 (14,4) (14,2)
1 (14,2) (14,4)
1 (14,4) (14,2)
1 (14,2) (14,4)
1 (14,4) (14,2)
1 (14,2) (14,4)
1 (14,4) (14,2)
1 (14,2) (14,4)
1 (14,4) (14,2)
1 (14,2) (14,4)
1 (14,4) (14,2)
1 (14,2) (14,4)
1 (14,4) (14,2)
1 (14,2) (14,4)
1 (14,4) (14,2)
1 (14,2) (14,4)
1 (14,4) (14,2)
1 (14,2) (14,4)
1 (14,4) (14,2)
1 (14,2) (14,4)
1 (14,4) (14,2)
1 (14,2) (14,4)
1 (14,4) (14,2)
1 (14,2) (14,4)
1 (14,4) (14,2)
1 (14,2) (14,4)
1 (14,4) (14,2)
1 (14,2) (14,4)
1 (14,4) (14,2)
1 (14,2) (14,4)
1 (14,4) (14,2)
1 (14,2) (14,4)
1 (14,4) (14,2)
1 (14,2) (14,4)
1 (14,4) (14,2)
1 (14,2) (14,4)
1 (14,4) (14,2)
1 (14,2) (14,4)
1 (14,4) (14,2)
1 (14,2) (14,4)
1 (14,4) (14,2)
1 (14,2) (14,4)
1 (14,4) (14,2)
1 (14,2) (14,4)
1 (14,4) (14,2)
1 (14,2) (14,4)
1 (14,4) (14,2)
1 (14,2) (14,4)
1 (14,4) (14,2)
1 (14,2) (14,4)
1 (14,4) (14,2)
1 (14,2) (14,4)
1 (14,4) (14,2)
1 (14,2) (14,4)
1 (14,4) (14,2)
1 (14,2) (14,4)
1 (14,4) (14,2)
1 (14,2) (14,4)
1 (14,4) (14,2)
1 (14,2) (14,4)
1 (14,4) (14,2)
1 (14,2) (14,4)
1 (14,4) (14,2)
1 (14,2) (14,4)
1 (14,4) (14,2)
1 (14,2) (14,4)
1 (14,4) (14,2)
1 (14,2) (14,4)
1 (14,4) (14,2)
1 (14,2) (14,4)
1 (14,4) (14,2)
1 (14,2) (14,4)
1 (14,4) (14,2)
1 (14,2) (14,4)
1 (14,4) (14,2)
1 (14,2) (14,4)
1 (14,4) (14,2)
1 (14,2) (14,4)
1 (14,4) (14,2)
1 (14,2) (14,4)
1 (14,4) (14,2)
1 (14,2) (14,4)
1 (14,4) (14,2)
1 (14,2) (14,4)
1 (14,4) (14,2)
1 (14,2) (14,4)
1 (14,4) (14,2)
1 (14,2) (14,4)
1 (14,4) (14,2)
1 (14,2) (14,4)
1 (14,4) (14,2)
1 (14,2) (14,4)
1 (14,4) (14,2)
1 (14,2) (14,4)
1 (14,4) (14,2)
1 (14,2) (14,4)
1 (14,4) (14,2)
1 (14,2) (14,4)
1 (14,4) (14,2)
1 (14,2) (14,4)
1 (14,4) (14,2)
1 (14,2) (14,4)
1 (14,4) (14,2)
1 (14,2) (14,4)
1 (14,4) (14,2)
1 (14,2) (14,4)
1 (14,4) (14,2)
1 (14,2) (14,4)
1 (14,4) (14,2)
1 (14,2) (14,4)
1 (14,4) (14,2)
1 (14,2) (14,4)
1 (14,4) (14,2)
1 (14,2) (14,4)
1 (14,4) (14,2)
1 (14,2) (14,4)
1 (14,4) (14,2)
1 (14,2) (14,4)
1 (14,4) (14,2)
1 (14,2) (14,4)
1 (14,4) (14,2)
1 (14,2) (14,4)
1 (14,4) (14,2)
1 (14,2) (14,4)
1 (14,4) (14,2)
1 (14,2) (14,4)
1 (14,4) (14,2)
1 (14,2) (14,4)
1 (14,4) (14,2)
1 (14,2) (14,4)
1 (14,4) (14,2)
1 (14,2) (14,4)
1 (14,4) (14,2)
1 (14,2) (14,4)
1 (14,4) (14,2)
1 (14,2) (14,4)
1 (14,4) (14,2)
1 (14,2) (14,4)
1 (14,4) (14,2)
1 (14,2) (14,4)
1 (14,4) (14,2)
1 (14,2) (14,4)
1 (14,4) (14,2)
1 (14,2) (14,4)
1 (14,4) (14,2)
1 (14,2) (14,4)
1 (14,4) (14,2)
1 (14,2) (14,4)
1 (14,4) (14,2)
1 (14,2) (14,4)
1 (14,4) (14,2)
1 (14,2) (14,4)
1 (14,4) (14,2)
1 (14,2) (14,4)
1 (14,4) (14,2)
1 (14,2) (14,4)
1 (14,4) (14,2)
1 (14,2) (14,4)
1 (14,4) (14,2)
1 (14,2) (14,4)
1 (14,4) (14,2)
1 (14,2) (14,4)
1 (14,4) (14,2)
1 (14,2) (14,4)
1 (14,4) (14,2)
1 (14,2) (14,4)
1 (14,4) (14,2)
1 (14,2) (14,4)
1 (14,4) (14,2)
1 (14,2) (14,4)
1 (14,4) (14,2)
1 (14,2) (14,4)
1 (14,4) (14,2)
1 (14,2) (14,4)
1 (14,4) (14,2)
1 (14,2) (14,4)
1 (14,4) (14,2)
1 (14,2) (14,4)
1 (14,4) (14,2)
1 (14,2) (14,4)
1 (14,4) (14,2)
1 (14,2) (14,4)
1 (14,4) (14,2)
1 (14,2) (14,4)
1 (14,4) (14,2)
1 (14,2) (14,4)
1 (14,4) (14,2)
1 (14,2) (14,4)
1 (14,4) (14,2)
1 (14,2) (14,4)
1 (14,4) (14,2)
1 (14,2) (14,4)
1 (14,4) (14,2)
1 (14,2) (14,4)
1 (14,4) (14,2)
1 (14,2) (14,4)
1 (14,4) (14,2)
1 (14,2) (14,4)
1 (14,4) (14,2)
1 (14,2) (14,4)
1 (14,4) (14,2)
1 (14,2) (14,4)
1 (14,4) (14,2)
1 (14,2) (14,4)
1 (14,4) (14,2)
1 (14,2) (14,4)
1 (14,4) (14,2)
1 (14,2) (14,4)
1 (14,4) (14,2)
1 (14,2) (14,4)
1 (14,4) (14,2)
1 (14,2) (14,4)
1 (14,4) (14,2)
1 (14,2) (14,4)
1 (14,4) (14,2)
1 (14,2) (14,4)
1 (14,4) (14,2)
1 (14,2) (14,4)
1 (14,4) (14,2)
1 (14,2) (14,4)
1 (14,4) (14,2)
1 (14,2) (14,4)
1 (14,4) (14,2)
1 (14,2) (14,4)
1 (14,4) (14,2)
1 (14,2) (14,4)
1 (14,4) (14,2)
1 (14,2) (14,4)
1 (14,4) (14,2)
1 (14,2) (14,4)
1 (14,4) (14,2)
1 (14,2) (14,4)
1 (14,4) (14,2)
1 (14,2) (14,4)
1 (14,4) (14,2)
1 (14,2) (14,4)
1 (14,4) (14,2)
1 (14,2) (14,4)
1 (14,4) (14,2)
1 (14,2) (14,4)
1 (14,4) (14,2)
1 (14,2) (14,4)
1 (14,4) (14,2)
1 (14,2) (14,4)
1 (14,4) (14,2)
1 (14,2) (14,4)
1 (14,4) (14,2)
1 (14,2) (14,4)
1 (14,4) (14,2)
1 (14,2) (14,4)
1 (14,4) (14,2)
1 (14,2) (14,4)
1 (14,4) (14,2)
1 (14,2) (14,4)
1 (14,4) (14,2)
1 (14,2) (14,4)
1 (14,4) (14,2)
1 (14,2) (14,4)
1 (14,4) (14,2)
1 (14,2) (14,4)
1 (14,4) (14,2)
1 (14,2) (14,4)
1 (14,4) (14,2)
1 (14,2) (14,4)
1 (14,4) (14,2)
1 (14,2) (14,4)
1 (14,4) (14,2)
1 (14,2) (14,4)
1 (14,4) (14,2)
1 (14,2) (14,4)
1 (14,4) (14,2)
1 (14,2) (14,4)
1 (14,4) (14,2)
1 (14,2) (14,4)
1 (14,4) (14,2)
1 (14,2) (14,4)
1 (14,4) (14,2)
1 (14,2) (14,4)
1 (14,4) (14,2)
1 (14,2) (14,4)
1 (14,4) (14,2)
1 (14,2) (14,4)
1 (14,4) (14,2)
1 (14,2) (14,4)
1 (14,4) (14,2)
1 (14,2) (14,4)
1 (14,4) (14,2)
1 (14,2) (14,4)
1 (14,4) (14,2)
1 (14,2) (14,4)
1 (14,4) (14,2)
1 (14,2) (14,4)
1 (14,4) (14,2)
1 (14,2) (14,4)
1 (14,4) (14,2)
1 (14,2) (14,4)
1 (14,4) (14,2)
1 (14,2) (14,4)
1 (14,4) (14,2)
1 (14,2) (14,4)
1 (14,4) (14,2)
1 (14,2) (14,4)
1 (14,4) (14,2)
1 (14,2) (14,4)
1 (14,4) (14,2)
1 (14,2) (14,4)
1 (14,4) (14,2)
1 (14,2) (14,4)
1 (14,4) (14,2)
1 (14,2) (14,4)
1 (14,4) (14,2)
1 (14,2) (14,4)
1 (14,4) (14,2)
1 (14,2) (14,4)
1 (14,4) (14,2)
1 (14,2) (14,4)
1 (14,4) (14,2)
1 (14,2) (14,4)
1 (14,4) (14,2)
1 (14,2) (14,4)
1 (14,4) (14,2)
1 (14,2) (14,4)
1 (14,4) (14,2)
1 (14,2) (14,4)
1 (14,4) (14,2)
1 (14,2) (14,4)
1 (14,4) (14,2)
1 (14,2) (14,4)
1 (14,4) (14,2)
1 (14,2) (14,4)
1 (14,4) (14,2)
1 (14,2) (14,4)
1 (14,4) (14,2)
1 (14,2) (14,4)
1 (14,4) (14,2)
1 (14,2) (14,4)
1 (14,4) (14,2)
1 (14,2) (14,4)
1 (14,4) (14,2)
1 (14,2) (14,4)
1 (14,4) (14,2)
1 (14,2) (14,4)
1 (14,4) (14,2)
1 (14,2) (14,4)
1 (14,4) (14,2)
1 (14,2) (14,4)
1 (14,4) (14,2)
1 (14,2) (14,4)
1 (14,4) (14,2)
1 (14,2) (14,4)
1 (14,4) (14,2)
1 (14,2) (14,4)
1 (14,4) (14,2)
1 (14,2) (14,4)
1 (14,4) (14,2)
1 (14,2) (14,4)
1 (14,4) (14,2)
1 (14,2) (14,4)
1 (14,4) (14,2)
1 (14,2) (14,4)
1 (14,4) (14,2)
1 (14,2) (14,4)
1 (14,4) (14,2)
1 (14,2) (14,4)
1 (14,4) (14,2)
1 (14,2) (14,4)
1 (14,4) (14,2)
1 (14,2) (14,4)
1 (14,4) (14,2)
1 (14,2) (14,4)
1 (14,4) (14,2)
1 (14,2) (14,4)
1 (14,4) (14,2)
1 (14,2) (14,4)
1 (14,4) (14,2)
1 (14,2) (14,4)
1 (14,4) (14,2)
1 (14,2) (14,4)
1 (14,4) (14,2)
1 (14,2) (14,4)
1 (14,4) (14,2)
1 (14,2) (14,4)
1 (14,4) (14,2)
1 (14,2) (14,4)
1 (14,4) (14,2)
1 (14,2) (14,4)
1 (14,4) (14,2)
1 (14,2) (14,4)
1 (14,4) (14,2)
1 (14,2) (14,4)
1 (14,4) (14,2)
1 (14,2) (14,4)
1 (14,4) (14,2)
1 (14,2) (14,4)
1 (14,4) (14,2)
1 (14,2) (14,4)
1 (14,4) (14,2)
1 (14,2) (14,4)
1 (14,4) (14,2)
1 (14,2) (14,4)
1 (14,4) (14,2)
1 (14,2) (14,4)
1 (14,4) (14,2)
1 (14,2) (14,4)
1 (14,4) (14,2)
1 (14,2) (14,4)
1 (14,4) (14,2)
1 (14,2) (14,4)
1 (14,4) (14,2)
1 (14,2) (14,4)
1 (14,4) (14,2)
1 (14,2) (14,4)
1 (14,4) (14,2)
1 (14,2) (14,4)
1 (14,4) (14,2)
1 (14,2) (14,4)
1 (14,4) (14,2)
1 (14,2) (14,4)
1 (14,4) (14,2)
1 (14,2) (14,4)
1 (14,4) (14,2)
1 (14,2) (14,4)
1 (14,4) (14,2)
1 (14,2) (14,4)
1 (14,4) (14,2)
1 (14,2) (14,4)
1 (14,4) (14,2)
1 (14,2) (14,4)
1 (14,4) (14,2)
1 (14,2) (14,4)
1 (14,4) (14,2)
1 (14,2) (14,4)
1 (14,4) (14,2)
1 (14,2) (14,4)
1 (14,4) (14,2)
1 (14,2) (14,4)
1 (14,4) (14,2)
1 (14,2) (14,4)
1 (14,4) (14,2)
1 (14,2) (14,4)
1 (14,4) (14,2)
1 (14,2) (14,4)
1 (14,4) (14,2)
1 (14,2) (14,4)
1 (14,4) (14,2)
1 (14,2) (14,4)
1 (14,4) (14,2)
1 (14,2) (14,4)
1 (14,4) (14,2)
1 (14,2) (14,4)
1 (14,4) (14,2)
