# Server version 0.08 running on 192.168.2.17:8123
# Game ID: 179
# Board class: halma.CCBoard
# Timeout: 1000
# Date: Thu Apr 03 23:12:43 GMT-04:00 2014
# Player 1: Player-0, '260449697', running on 192.168.2.17
# Player 2: Player-1, '260449697', running on 192.168.2.17
# Player 3: Player-2, '260449697', running on 192.168.2.17
# Player 4: Player-3, '260449697', running on 192.168.2.17
START Player-0 260449697
START Player-1 260449697
START Player-2 260449697
START Player-3 260449697
0 (2,2) (3,3)
1 (14,3) (15,4)
2 (2,13) (4,15)
2 null null
3 (14,14) (12,12)
3 null null
0 (1,2) (2,3)
1 (15,1) (13,3)
1 null null
2 (1,13) (2,12)
3 (13,13) (15,11)
3 null null
0 (0,3) (1,4)
1 (13,2) (11,0)
1 null null
2 (1,12) (3,12)
2 null null
3 (14,15) (12,13)
3 (12,13) (12,11)
3 null null
0 (3,0) (4,1)
1 (14,0) (12,2)
1 (12,2) (14,4)
1 null null
2 (3,15) (5,15)
2 null null
3 (15,14) (13,12)
3 (13,12) (11,12)
3 (11,12) (13,10)
3 null null
0 (2,0) (4,2)
0 (4,2) (2,4)
0 (2,4) (0,4)
0 null null
1 (15,3) (13,5)
1 null null
2 (2,15) (4,13)
2 (4,13) (2,11)
2 null null
3 (13,15) (11,13)
3 (11,13) (13,11)
3 (13,11) (11,11)
3 null null
0 (1,0) (3,2)
0 (3,2) (3,4)
0 null null
1 (13,0) (11,2)
1 null null
2 (1,15) (3,13)
2 (3,13) (1,11)
2 (1,11) (3,11)
2 null null
3 (12,14) (12,13)
0 (2,1) (3,2)
1 (13,1) (11,1)
1 (11,1) (11,3)
1 null null
2 (0,12) (1,11)
3 (15,12) (15,10)
3 null null
0 (0,2) (2,4)
0 (2,4) (4,2)
0 (4,2) (4,0)
0 null null
1 (12,0) (10,0)
1 null null
2 (3,14) (4,14)
3 (15,13) (13,11)
3 (13,11) (11,13)
3 null null
0 (3,1) (4,2)
1 (14,2) (12,4)
1 (12,4) (10,2)
1 (10,2) (12,2)
1 (12,2) (10,4)
1 null null
2 (2,14) (3,13)
3 (12,15) (11,14)
0 (1,3) (2,4)
1 (12,1) (11,1)
2 (3,11) (2,10)
3 (14,12) (14,11)
0 (2,3) (2,5)
0 (2,5) (4,3)
0 null null
1 (13,3) (13,4)
2 (1,11) (0,11)
3 (13,14) (11,12)
3 (11,12) (11,10)
3 (11,10) (13,12)
3 null null
0 (3,3) (3,5)
0 null null
1 (13,5) (13,6)
2 (2,11) (1,11)
3 (12,11) (11,12)
0 (4,3) (4,4)
1 (11,2) (11,4)
1 (11,4) (9,4)
1 null null
2 (1,11) (0,10)
3 (14,13) (12,11)
3 (12,11) (10,13)
3 null null
0 (3,5) (3,6)
1 (13,4) (13,5)
2 (4,14) (4,13)
3 (10,13) (10,14)
0 (4,0) (5,0)
1 (13,5) (13,7)
1 null null
2 (4,15) (4,14)
3 (11,12) (10,13)
0 (4,4) (4,5)
1 (13,7) (13,8)
2 (4,14) (4,15)
3 (10,13) (10,15)
3 null null
0 (3,4) (3,5)
1 (9,4) (9,5)
2 (4,15) (4,14)
3 (11,13) (11,15)
3 (11,15) (9,15)
3 null null
0 (3,5) (3,7)
0 null null
1 (9,5) (9,6)
2 (4,14) (4,15)
3 (13,10) (13,11)
0 (3,7) (3,8)
1 (13,8) (13,9)
2 (4,15) (4,14)
3 (13,11) (11,13)
3 (11,13) (11,15)
3 (11,15) (9,13)
3 null null
0 (4,5) (4,6)
1 (11,3) (11,4)
2 (4,14) (4,15)
3 (9,15) (8,15)
0 (1,4) (1,5)
1 (14,4) (14,5)
2 (4,15) (4,14)
3 (8,15) (7,15)
0 (1,5) (1,6)
1 (14,5) (14,6)
2 (4,14) (4,15)
3 (12,13) (11,13)
0 (4,1) (4,3)
0 null null
1 (14,6) (14,7)
2 (4,15) (4,14)
3 (11,13) (11,15)
3 (11,15) (9,15)
3 null null
0 (4,3) (4,4)
1 (10,0) (10,1)
2 (4,14) (4,15)
3 (9,15) (8,15)
0 (4,4) (4,5)
1 (10,1) (10,2)
2 (4,15) (4,14)
3 (8,15) (6,15)
3 (6,15) (4,15)
3 null null
0 (4,5) (4,7)
0 (4,7) (2,9)
0 (2,9) (2,11)
0 (2,11) (2,13)
0 (2,13) (4,11)
0 null null
1 (10,2) (10,3)
2 (4,14) (4,12)
2 (4,12) (4,10)
2 null null
3 (4,15) (3,15)
0 (4,11) (4,12)
1 (13,9) (13,10)
2 (4,10) (4,11)
3 (3,15) (2,15)
0 (2,4) (2,5)
1 (13,10) (13,11)
2 (4,11) (3,11)
3 (2,15) (1,15)
0 (2,5) (2,6)
1 (13,11) (13,13)
1 null null
2 (3,11) (2,11)
3 (1,15) (1,13)
3 (1,13) (3,11)
3 (3,11) (1,11)
3 (1,11) (3,9)
3 (3,9) (3,7)
3 (3,7) (1,5)
3 (1,5) (1,7)
3 (1,7) (3,5)
3 (3,5) (5,7)
3 null null
0 (3,8) (3,9)
1 (10,4) (10,5)
2 (2,11) (1,11)
3 (11,14) (11,15)
0 (3,9) (3,10)
1 (10,5) (10,6)
2 (1,11) (1,10)
3 (15,11) (13,11)
3 (13,11) (11,13)
3 (11,13) (9,15)
3 null null
0 (3,10) (3,11)
1 (10,6) (10,7)
2 (1,10) (1,11)
3 (9,15) (8,15)
0 (3,11) (1,13)
0 (1,13) (1,15)
0 null null
1 (13,13) (13,14)
2 (1,11) (1,10)
3 (8,15) (6,15)
3 (6,15) (4,15)
3 null null
0 (1,15) (1,13)
0 (1,13) (3,11)
0 (3,11) (1,9)
0 (1,9) (1,11)
0 (1,11) (3,9)
0 null null
1 (13,14) (13,15)
2 (1,10) (1,11)
3 (4,15) (3,15)
0 (3,9) (3,10)
1 (13,15) (12,15)
2 (1,11) (1,10)
3 (3,15) (2,15)
0 (3,10) (3,11)
1 (12,15) (11,14)
2 (1,10) (1,11)
3 (2,15) (1,15)
0 (3,11) (1,13)
0 null null
1 (11,14) (9,14)
1 (9,14) (9,12)
1 null null
2 (1,11) (1,10)
3 (1,15) (2,14)
0 (5,0) (5,1)
1 (9,12) (9,14)
1 (9,14) (11,14)
1 null null
2 (1,10) (1,11)
3 (2,14) (2,15)
0 (4,6) (4,7)
1 (11,14) (9,14)
1 (9,14) (9,12)
1 null null
2 (1,11) (1,10)
3 (2,15) (1,15)
0 (4,7) (4,8)
1 (9,12) (9,14)
1 (9,14) (11,14)
1 null null
2 (1,10) (1,11)
3 (1,15) (2,14)
0 (4,8) (4,9)
1 (11,14) (9,14)
1 (9,14) (9,12)
1 null null
2 (1,11) (1,10)
3 (2,14) (2,15)
0 (4,9) (4,10)
1 (9,12) (9,14)
1 (9,14) (11,14)
1 null null
2 (1,10) (1,11)
3 (2,15) (1,15)
0 (4,10) (4,11)
1 (11,14) (9,14)
1 (9,14) (9,12)
1 null null
2 (1,11) (1,10)
3 (1,15) (2,14)
0 (4,11) (2,13)
0 (2,13) (2,15)
0 null null
1 (9,12) (9,14)
1 (9,14) (11,14)
1 null null
2 (1,10) (1,11)
3 (2,14) (1,15)
0 (2,15) (2,14)
1 (11,14) (9,14)
1 (9,14) (9,12)
1 null null
2 (1,11) (1,10)
3 (1,15) (2,15)
0 (2,14) (1,15)
1 (9,12) (9,14)
1 (9,14) (11,14)
1 null null
2 (1,10) (1,11)
3 (2,15) (2,14)
0 (1,15) (2,15)
1 (11,14) (9,14)
1 (9,14) (9,12)
1 null null
2 (1,11) (1,10)
3 (2,14) (1,15)
0 (2,15) (2,14)
1 (9,12) (9,14)
1 (9,14) (11,14)
1 null null
2 (1,10) (1,11)
3 (1,15) (2,15)
0 (2,14) (1,15)
1 (11,14) (9,14)
1 (9,14) (9,12)
1 null null
2 (1,11) (1,10)
3 (2,15) (2,14)
0 (1,15) (2,15)
1 (9,12) (9,14)
1 (9,14) (11,14)
1 null null
2 (1,10) (1,11)
3 (2,14) (1,15)
0 (2,15) (2,14)
1 (11,14) (9,14)
1 (9,14) (9,12)
1 null null
2 (1,11) (1,10)
3 (1,15) (2,15)
0 (2,14) (1,15)
1 (9,12) (9,14)
1 (9,14) (11,14)
1 null null
2 (1,10) (1,11)
3 (2,15) (2,14)
0 (1,15) (2,15)
1 (11,14) (9,14)
1 (9,14) (9,12)
1 null null
2 (1,11) (1,10)
3 (2,14) (1,15)
0 (2,15) (2,14)
1 (9,12) (9,14)
1 (9,14) (11,14)
1 null null
2 (1,10) (1,11)
3 (1,15) (2,15)
0 (2,14) (1,15)
1 (11,14) (9,14)
1 (9,14) (9,12)
1 null null
2 (1,11) (1,10)
3 (2,15) (2,14)
0 (1,15) (2,15)
1 (9,12) (9,14)
1 (9,14) (11,14)
1 null null
2 (1,10) (1,11)
3 (2,14) (1,15)
0 (2,15) (2,14)
1 (11,14) (9,14)
1 (9,14) (9,12)
1 null null
2 (1,11) (1,10)
3 (1,15) (2,15)
0 (2,14) (1,15)
1 (9,12) (9,14)
1 (9,14) (11,14)
1 null null
2 (1,10) (1,11)
3 (2,15) (2,14)
0 (1,15) (2,15)
1 (11,14) (9,14)
1 (9,14) (9,12)
1 null null
2 (1,11) (1,10)
3 (2,14) (1,15)
0 (2,15) (2,14)
1 (9,12) (9,14)
1 (9,14) (11,14)
1 null null
2 (1,10) (1,11)
3 (1,15) (2,15)
0 (2,14) (1,15)
1 (11,14) (9,14)
1 (9,14) (9,12)
1 null null
2 (1,11) (1,10)
3 (2,15) (2,14)
0 (1,15) (2,15)
1 (9,12) (9,14)
1 (9,14) (11,14)
1 null null
2 (1,10) (1,11)
3 (2,14) (1,15)
0 (2,15) (2,14)
1 (11,14) (9,14)
1 (9,14) (9,12)
1 null null
2 (1,11) (1,10)
3 (1,15) (2,15)
0 (2,14) (1,15)
1 (9,12) (9,14)
1 (9,14) (11,14)
1 null null
2 (1,10) (1,11)
3 (2,15) (2,14)
0 (1,15) (2,15)
1 (11,14) (9,14)
1 (9,14) (9,12)
1 null null
2 (1,11) (1,10)
3 (2,14) (1,15)
0 (2,15) (2,14)
1 (9,12) (9,14)
1 (9,14) (11,14)
1 null null
2 (1,10) (1,11)
3 (1,15) (2,15)
0 (2,14) (1,15)
1 (11,14) (9,14)
1 (9,14) (9,12)
1 null null
2 (1,11) (1,10)
3 (2,15) (2,14)
0 (1,15) (2,15)
1 (9,12) (9,14)
1 (9,14) (11,14)
1 null null
2 (1,10) (1,11)
3 (2,14) (1,15)
0 (2,15) (2,14)
1 (11,14) (9,14)
1 (9,14) (9,12)
1 null null
2 (1,11) (1,10)
3 (1,15) (2,15)
0 (2,14) (1,15)
1 (9,12) (9,14)
1 (9,14) (11,14)
1 null null
2 (1,10) (1,11)
3 (2,15) (2,14)
0 (1,15) (2,15)
1 (11,14) (9,14)
1 (9,14) (9,12)
1 null null
2 (1,11) (1,10)
3 (2,14) (1,15)
0 (2,15) (2,14)
1 (9,12) (9,14)
1 (9,14) (11,14)
1 null null
2 (1,10) (1,11)
3 (1,15) (2,15)
0 (2,14) (1,15)
1 (11,14) (9,14)
1 (9,14) (9,12)
1 null null
2 (1,11) (1,10)
3 (2,15) (2,14)
0 (1,15) (2,15)
1 (9,12) (9,14)
1 (9,14) (11,14)
1 null null
2 (1,10) (1,11)
3 (2,14) (1,15)
0 (2,15) (2,14)
1 (11,14) (9,14)
1 (9,14) (9,12)
1 null null
2 (1,11) (1,10)
3 (1,15) (2,15)
0 (2,14) (1,15)
1 (9,12) (9,14)
1 (9,14) (11,14)
1 null null
2 (1,10) (1,11)
3 (2,15) (2,14)
0 (1,15) (2,15)
1 (11,14) (9,14)
1 (9,14) (9,12)
1 null null
2 (1,11) (1,10)
3 (2,14) (1,15)
0 (2,15) (2,14)
1 (9,12) (9,14)
1 (9,14) (11,14)
1 null null
2 (1,10) (1,11)
3 (1,15) (2,15)
0 (2,14) (1,15)
1 (11,14) (9,14)
1 (9,14) (9,12)
1 null null
2 (1,11) (1,10)
3 (2,15) (2,14)
0 (1,15) (2,15)
1 (9,12) (9,14)
1 (9,14) (11,14)
1 null null
2 (1,10) (1,11)
3 (2,14) (1,15)
0 (2,15) (2,14)
1 (11,14) (9,14)
1 (9,14) (9,12)
1 null null
2 (1,11) (1,10)
3 (1,15) (2,15)
0 (2,14) (1,15)
1 (9,12) (9,14)
1 (9,14) (11,14)
1 null null
2 (1,10) (1,11)
3 (2,15) (2,14)
0 (1,15) (2,15)
1 (11,14) (9,14)
1 (9,14) (9,12)
1 null null
2 (1,11) (1,10)
3 (2,14) (1,15)
0 (2,15) (2,14)
1 (9,12) (9,14)
1 (9,14) (11,14)
1 null null
2 (1,10) (1,11)
3 (1,15) (2,15)
0 (2,14) (1,15)
1 (11,14) (9,14)
1 (9,14) (9,12)
1 null null
2 (1,11) (1,10)
3 (2,15) (2,14)
0 (1,15) (2,15)
1 (9,12) (9,14)
1 (9,14) (11,14)
1 null null
2 (1,10) (1,11)
3 (2,14) (1,15)
0 (2,15) (2,14)
1 (11,14) (9,14)
1 (9,14) (9,12)
1 null null
2 (1,11) (1,10)
3 (1,15) (2,15)
0 (2,14) (1,15)
1 (9,12) (9,14)
1 (9,14) (11,14)
1 null null
2 (1,10) (1,11)
3 (2,15) (2,14)
0 (1,15) (2,15)
1 (11,14) (9,14)
1 (9,14) (9,12)
1 null null
2 (1,11) (1,10)
3 (2,14) (1,15)
0 (2,15) (2,14)
1 (9,12) (9,14)
1 (9,14) (11,14)
1 null null
2 (1,10) (1,11)
3 (1,15) (2,15)
0 (2,14) (1,15)
1 (11,14) (9,14)
1 (9,14) (9,12)
1 null null
2 (1,11) (1,10)
3 (2,15) (2,14)
0 (1,15) (2,15)
1 (9,12) (9,14)
1 (9,14) (11,14)
1 null null
2 (1,10) (1,11)
3 (2,14) (1,15)
0 (2,15) (2,14)
1 (11,14) (9,14)
1 (9,14) (9,12)
1 null null
2 (1,11) (1,10)
3 (1,15) (2,15)
0 (2,14) (1,15)
1 (9,12) (9,14)
1 (9,14) (11,14)
1 null null
2 (1,10) (1,11)
3 (2,15) (2,14)
0 (1,15) (2,15)
1 (11,14) (9,14)
1 (9,14) (9,12)
1 null null
2 (1,11) (1,10)
3 (2,14) (1,15)
0 (2,15) (2,14)
1 (9,12) (9,14)
1 (9,14) (11,14)
1 null null
2 (1,10) (1,11)
3 (1,15) (2,15)
0 (2,14) (1,15)
1 (11,14) (9,14)
1 (9,14) (9,12)
1 null null
2 (1,11) (1,10)
3 (2,15) (2,14)
0 (1,15) (2,15)
1 (9,12) (9,14)
1 (9,14) (11,14)
1 null null
2 (1,10) (1,11)
3 (2,14) (1,15)
0 (2,15) (2,14)
1 (11,14) (9,14)
1 (9,14) (9,12)
1 null null
2 (1,11) (1,10)
3 (1,15) (2,15)
0 (2,14) (1,15)
1 (9,12) (9,14)
1 (9,14) (11,14)
1 null null
2 (1,10) (1,11)
3 (2,15) (2,14)
0 (1,15) (2,15)
GAMEOVER 
WINNER Player-1
# Game ended: Thu Apr 03 23:12:44 GMT-04:00 2014
