# Server version 0.08 running on 142.157.180.166:8123
# Game ID: 280
# Board class: halma.CCBoard
# Timeout: 1000
# Date: Wed Apr 09 23:24:03 GMT-04:00 2014
# Player 1: Player-0, '260449697', running on 142.157.180.166
# Player 2: Player-1, '260449697', running on 142.157.180.166
# Player 3: Player-2, '260449697', running on 142.157.180.166
# Player 4: Player-3, '260449697', running on 142.157.180.166
START Player-0 260449697
START Player-1 260449697
START Player-2 260449697
START Player-3 260449697
0 (1,1) (3,3)
0 null null
1 (15,1) (13,3)
1 null null
2 (1,15) (3,13)
2 null null
3 (14,14) (12,12)
3 null null
0 (0,2) (2,4)
0 null null
1 (14,0) (12,2)
1 null null
2 (2,14) (4,12)
2 null null
3 (13,13) (11,11)
3 null null
0 (2,0) (4,2)
0 null null
1 (14,2) (12,4)
1 null null
2 (1,14) (3,12)
2 null null
3 (15,14) (13,12)
3 null null
0 (2,2) (4,4)
0 null null
1 (13,1) (11,3)
1 null null
2 (2,15) (4,13)
2 null null
3 (14,15) (12,13)
3 null null
GAMEOVER TIMEOUT Player-0
WINNER Player-1
# Game ended: Wed Apr 09 23:24:05 GMT-04:00 2014
