# Server version 0.08 running on 192.168.2.17:8123
# Game ID: 175
# Board class: halma.CCBoard
# Timeout: 1000
# Date: Thu Apr 03 23:04:25 GMT-04:00 2014
# Player 1: Player-0, '260449697', running on 192.168.2.17
# Player 2: Player-1, '260449697', running on 192.168.2.17
# Player 3: Player-2, '260449697', running on 192.168.2.17
# Player 4: Player-3, '260449697', running on 192.168.2.17
START Player-0 260449697
START Player-1 260449697
START Player-2 260449697
START Player-3 260449697
0 (2,2) (3,3)
1 (14,3) (15,4)
2 (2,13) (4,15)
2 null null
3 (14,14) (12,12)
3 null null
0 (1,2) (2,3)
1 (15,1) (13,3)
1 null null
2 (1,13) (2,12)
3 (13,13) (15,11)
3 null null
0 (0,3) (1,4)
1 (13,2) (11,0)
1 null null
2 (1,12) (3,12)
2 null null
3 (14,15) (12,13)
3 (12,13) (12,11)
3 null null
0 (3,0) (4,1)
1 (14,0) (12,2)
1 (12,2) (14,4)
1 null null
2 (3,15) (5,15)
2 null null
3 (15,14) (13,12)
GAMEOVER TIMEOUT Player-3
WINNER Player-1
# Game ended: Thu Apr 03 23:04:26 GMT-04:00 2014
