# Server version 0.08 running on 142.157.180.166:8123
# Game ID: 268
# Board class: halma.CCBoard
# Timeout: 1000
# Date: Wed Apr 09 21:45:19 GMT-04:00 2014
# Player 1: Player-0, '260449697', running on 142.157.180.166
# Player 2: Player-1, '260449697', running on 142.157.180.166
# Player 3: Player-2, '260449697', running on 142.157.180.166
# Player 4: Player-3, '260449697', running on 142.157.180.166
START Player-0 260449697
START Player-1 260449697
START Player-2 260449697
START Player-3 260449697
0 (2,2) (3,3)
1 (14,3) (15,4)
2 (2,13) (4,15)
2 null null
3 (14,14) (12,12)
3 null null
0 (1,2) (2,3)
1 (15,1) (13,3)
1 null null
2 (1,13) (2,12)
3 (13,13) (15,11)
3 null null
0 (0,3) (1,4)
1 (13,2) (11,0)
1 null null
2 (1,12) (3,12)
2 null null
3 (14,15) (12,13)
3 null null
0 (3,0) (4,1)
1 (14,0) (12,2)
1 null null
2 (3,15) (5,15)
2 null null
3 (15,14) (13,12)
3 null null
0 (2,0) (4,2)
0 null null
1 (15,3) (14,4)
2 (2,15) (4,13)
2 null null
3 (13,15) (11,13)
3 null null
0 (1,0) (3,2)
0 null null
1 (13,0) (11,2)
1 null null
2 (1,15) (3,13)
2 null null
3 (12,14) (10,12)
3 null null
0 (2,1) (4,3)
0 null null
1 (13,1) (11,1)
1 null null
2 (0,12) (1,11)
3 (15,12) (15,10)
3 null null
0 (0,2) (2,4)
0 null null
1 (12,0) (10,0)
1 null null
2 (3,14) (4,14)
3 (15,13) (13,11)
3 null null
0 (3,1) (5,3)
0 null null
1 (14,2) (12,4)
1 null null
2 (2,14) (4,12)
2 null null
3 (12,15) (11,14)
0 (1,3) (3,5)
0 null null
1 (12,1) (10,1)
1 null null
GAMEOVER TIMEOUT Player-2
WINNER Player-0
# Game ended: Wed Apr 09 21:45:20 GMT-04:00 2014
