# Server version 0.08 running on 142.157.168.132:8123
# Game ID: 149
# Board class: halma.CCBoard
# Timeout: 1000
# Date: Thu Apr 03 17:47:47 GMT-04:00 2014
# Player 1: Player-0, '260449697', running on 142.157.168.132
# Player 2: Player-1, '260449697', running on 142.157.168.132
# Player 3: Player-2, '260449697', running on 142.157.168.132
# Player 4: Player-3, '260449697', running on 142.157.168.132
START Player-0 260449697
START Player-1 260449697
START Player-2 260449697
START Player-3 260449697
0 (1,3) (2,4)
1 (12,1) (11,2)
2 (1,14) (3,12)
2 null null
3 (14,13) (14,11)
3 null null
0 (3,1) (4,2)
1 (14,2) (12,2)
1 (12,2) (10,2)
1 null null
2 (2,14) (4,14)
2 null null
3 (13,14) (13,12)
3 null null
0 (0,2) (0,4)
0 null null
1 (12,0) (11,0)
2 (3,14) (4,15)
3 (14,12) (14,10)
3 null null
0 (1,1) (3,3)
0 null null
1 (13,1) (13,3)
1 null null
2 (0,13) (2,11)
2 null null
3 (12,15) (12,13)
3 null null
0 (2,1) (3,2)
1 (15,2) (13,4)
1 null null
2 (0,12) (2,12)
2 (2,12) (4,12)
2 null null
3 (15,13) (15,11)
3 (15,11) (13,9)
3 null null
GAMEOVER ILLEGAL MOVE: Player 0 end turn
WINNER Player-1
# Game ended: Thu Apr 03 17:47:47 GMT-04:00 2014
