# Server version 0.08 running on 142.157.168.42:8123
# Game ID: 90
# Board class: halma.CCBoard
# Timeout: 1000
# Date: Wed Apr 02 23:38:17 GMT-04:00 2014
# Player 1: Player-0, '260449697', running on 142.157.168.42
# Player 2: Player-1, '260449697', running on 142.157.168.42
# Player 3: Player-2, '260449697', running on 142.157.168.42
# Player 4: Player-3, '260449697', running on 142.157.168.42
START Player-0 260449697
START Player-1 260449697
START Player-2 260449697
START Player-3 260449697
0 (1,3) (1,4)
1 (12,1) (12,2)
2 (1,14) (3,12)
2 null null
3 (14,13) (12,13)
3 null null
0 (3,1) (3,2)
1 (14,2) (14,4)
1 null null
2 (2,14) (1,14)
3 (13,14) (11,14)
3 null null
0 (0,2) (0,4)
0 (0,4) (2,4)
0 null null
1 (12,0) (12,1)
2 (1,14) (2,14)
3 (14,12) (14,13)
0 (1,1) (1,3)
0 (1,3) (1,5)
0 null null
1 (12,1) (12,3)
1 null null
2 (2,14) (1,14)
3 (14,13) (13,14)
0 (2,1) (2,3)
0 (2,3) (2,5)
0 null null
1 (13,1) (13,3)
1 (13,3) (11,3)
1 null null
2 (1,14) (2,14)
3 (13,14) (11,12)
3 null null
0 (1,0) (1,1)
1 (15,2) (15,4)
1 (15,4) (13,4)
1 null null
2 (2,14) (1,14)
3 (12,15) (11,15)
0 (1,1) (1,3)
0 (1,3) (3,5)
0 null null
1 (13,0) (13,1)
2 (1,14) (2,14)
3 (15,13) (14,13)
0 (2,0) (2,1)
1 (13,1) (13,3)
1 (13,3) (13,5)
1 null null
2 (2,14) (1,14)
3 (14,13) (13,14)
0 (2,1) (2,3)
0 null null
1 (14,1) (14,2)
2 (1,14) (2,14)
3 (13,14) (12,15)
0 (3,0) (3,1)
1 (14,2) (13,3)
2 (2,14) (1,14)
3 (12,15) (10,15)
3 null null
0 (3,1) (3,3)
0 null null
1 (15,3) (15,4)
2 (1,14) (2,14)
3 (15,12) (15,13)
0 (0,3) (0,4)
1 (14,0) (14,1)
2 (2,14) (1,14)
3 (15,13) (14,13)
0 (0,1) (0,2)
1 (14,1) (14,2)
2 (1,14) (2,14)
3 (14,13) (13,14)
0 (0,2) (0,3)
1 (14,2) (12,4)
1 null null
2 (2,14) (1,14)
3 (13,14) (12,15)
0 (0,3) (0,5)
0 null null
1 (13,2) (11,4)
1 null null
2 (1,14) (2,14)
3 (12,15) (10,13)
3 null null
0 (1,2) (1,3)
1 (15,1) (15,2)
2 (2,14) (1,14)
3 (12,14) (12,15)
0 (1,3) (0,3)
1 (15,2) (15,3)
2 (1,14) (2,14)
3 (12,15) (12,14)
0 (0,3) (0,2)
1 (15,3) (15,5)
1 null null
2 (2,14) (1,14)
3 (12,14) (12,15)
0 (0,2) (0,3)
1 (14,3) (14,5)
1 (14,5) (12,5)
1 null null
2 (1,14) (2,14)
3 (12,15) (12,14)
0 (0,3) (0,2)
1 (15,0) (15,1)
2 (2,14) (1,14)
3 (12,14) (12,15)
0 (0,2) (0,3)
1 (15,1) (15,2)
2 (1,14) (2,14)
3 (12,15) (12,14)
0 (0,3) (0,2)
1 (15,2) (15,3)
2 (2,14) (1,14)
3 (12,14) (12,15)
0 (0,2) (0,3)
1 (15,3) (14,3)
2 (1,14) (2,14)
3 (12,15) (12,14)
0 (0,3) (0,2)
1 (14,3) (14,5)
1 null null
2 (2,14) (1,14)
3 (12,14) (12,15)
0 (0,2) (0,3)
1 (12,5) (12,6)
2 (1,14) (2,14)
3 (12,15) (12,14)
0 (0,3) (0,2)
1 (13,3) (11,5)
1 null null
2 (2,14) (1,14)
3 (12,14) (12,15)
0 (0,2) (0,3)
1 (12,4) (12,5)
2 (1,14) (2,14)
3 (12,15) (12,14)
0 (0,3) (0,2)
1 (12,5) (12,7)
1 null null
2 (2,14) (1,14)
3 (12,14) (12,15)
0 (0,2) (0,3)
1 (13,5) (13,6)
2 (1,14) (2,14)
3 (12,15) (12,14)
0 (0,3) (0,2)
1 (12,3) (12,4)
2 (2,14) (1,14)
3 (12,14) (12,15)
0 (0,2) (0,3)
1 (12,4) (12,5)
2 (1,14) (2,14)
3 (12,15) (12,14)
0 (0,3) (0,2)
1 (12,5) (11,6)
2 (2,14) (1,14)
3 (12,14) (12,15)
0 (0,2) (0,3)
1 (13,4) (13,5)
2 (1,14) (2,14)
3 (12,15) (12,14)
0 (0,3) (0,2)
1 (13,5) (13,7)
1 (13,7) (11,7)
1 null null
2 (2,14) (1,14)
3 (12,14) (12,15)
0 (0,2) (0,3)
1 (11,6) (11,8)
1 null null
2 (1,14) (2,14)
3 (12,15) (12,14)
0 (0,3) (0,2)
1 (11,8) (11,9)
2 (2,14) (1,14)
3 (12,14) (12,15)
0 (0,2) (0,3)
1 (11,9) (11,10)
2 (1,14) (2,14)
3 (12,15) (12,14)
0 (0,3) (0,2)
1 (12,7) (12,8)
2 (2,14) (1,14)
3 (12,14) (12,15)
0 (0,2) (0,3)
1 (12,2) (12,3)
2 (1,14) (2,14)
3 (12,15) (12,14)
0 (0,3) (0,2)
1 (12,3) (12,4)
2 (2,14) (1,14)
3 (12,14) (12,15)
0 (0,2) (0,3)
1 (12,4) (12,5)
2 (1,14) (2,14)
3 (12,15) (12,14)
0 (0,3) (0,2)
1 (12,5) (12,7)
1 (12,7) (12,9)
1 (12,9) (10,11)
1 null null
2 (2,14) (1,14)
3 (12,14) (12,15)
0 (0,2) (0,3)
1 (14,5) (14,6)
2 (1,14) (2,14)
3 (12,15) (12,14)
0 (0,3) (0,2)
1 (14,6) (14,7)
2 (2,14) (1,14)
3 (12,14) (12,15)
0 (0,2) (0,3)
1 (11,3) (10,4)
2 (1,14) (2,14)
3 (12,15) (12,14)
0 (0,3) (0,2)
1 (11,7) (11,8)
2 (2,14) (1,14)
3 (12,14) (12,15)
0 (0,2) (0,3)
1 (11,8) (11,9)
2 (1,14) (2,14)
3 (12,15) (12,14)
0 (0,3) (0,2)
1 (11,9) (11,11)
1 (11,11) (9,11)
1 null null
2 (2,14) (1,14)
3 (12,14) (12,15)
0 (0,2) (0,3)
1 (9,11) (9,12)
2 (1,14) (2,14)
3 (12,15) (12,14)
0 (0,3) (0,2)
1 (14,4) (14,5)
2 (2,14) (1,14)
3 (12,14) (12,15)
0 (0,2) (0,3)
1 (14,5) (14,6)
2 (1,14) (2,14)
3 (12,15) (12,14)
0 (0,3) (0,2)
1 (14,6) (14,8)
1 null null
2 (2,14) (1,14)
3 (12,14) (12,15)
0 (0,2) (0,3)
1 (14,8) (14,9)
2 (1,14) (2,14)
3 (12,15) (12,14)
0 (0,3) (0,2)
1 (14,9) (14,10)
2 (2,14) (1,14)
3 (12,14) (12,15)
0 (0,2) (0,3)
1 (14,10) (14,11)
2 (1,14) (2,14)
3 (12,15) (12,14)
0 (0,3) (0,2)
1 (12,6) (12,7)
2 (2,14) (1,14)
3 (12,14) (12,15)
0 (0,2) (0,3)
1 (12,7) (12,9)
1 null null
2 (1,14) (2,14)
3 (12,15) (12,14)
0 (0,3) (0,2)
1 (10,4) (10,5)
2 (2,14) (1,14)
3 (12,14) (12,15)
0 (0,2) (0,3)
1 (10,5) (10,6)
2 (1,14) (2,14)
3 (12,15) (12,14)
0 (0,3) (0,2)
1 (10,6) (10,7)
2 (2,14) (1,14)
3 (12,14) (12,15)
0 (0,2) (0,3)
1 (14,11) (14,12)
2 (1,14) (2,14)
3 (12,15) (12,14)
0 (0,3) (0,2)
1 (14,12) (14,13)
2 (2,14) (1,14)
3 (12,14) (12,15)
0 (0,2) (0,3)
1 (14,13) (13,14)
2 (1,14) (2,14)
3 (12,15) (12,14)
0 (0,3) (0,2)
1 (13,14) (12,15)
2 (2,14) (1,14)
3 (12,14) (10,14)
3 (10,14) (10,12)
3 (10,12) (8,12)
3 null null
0 (0,2) (0,3)
1 (12,15) (12,14)
2 (1,14) (2,14)
3 (13,15) (12,15)
0 (0,3) (0,2)
1 (12,14) (10,14)
1 null null
2 (2,14) (1,14)
3 (12,15) (12,14)
0 (0,2) (0,3)
1 (12,8) (12,10)
1 (12,10) (10,10)
1 (10,10) (10,12)
1 null null
2 (1,14) (2,14)
3 (12,14) (12,15)
0 (0,3) (0,2)
1 (10,12) (9,13)
2 (2,14) (1,14)
3 (12,15) (12,14)
0 (0,2) (0,3)
1 (9,12) (9,14)
1 null null
2 (1,14) (2,14)
3 (12,14) (12,15)
0 (0,3) (0,2)
1 (9,14) (9,15)
2 (2,14) (1,14)
3 (12,15) (12,14)
0 (0,2) (0,3)
1 (9,15) (8,15)
2 (1,14) (2,14)
3 (12,14) (12,15)
0 (0,3) (0,2)
1 (8,15) (7,15)
2 (2,14) (1,14)
3 (12,15) (12,14)
0 (0,2) (0,3)
1 (15,5) (15,6)
2 (1,14) (2,14)
3 (12,14) (12,15)
0 (0,3) (0,2)
1 (15,6) (15,7)
2 (2,14) (1,14)
3 (12,15) (12,14)
0 (0,2) (0,3)
1 (15,7) (15,8)
2 (1,14) (2,14)
3 (12,14) (12,15)
0 (0,3) (0,2)
1 (15,8) (15,9)
2 (2,14) (1,14)
3 (12,15) (12,14)
0 (0,2) (0,3)
1 (15,9) (15,10)
2 (1,14) (2,14)
3 (12,14) (12,15)
0 (0,3) (0,2)
1 (10,14) (9,15)
2 (2,14) (1,14)
3 (12,15) (12,14)
0 (0,2) (0,3)
1 (9,15) (8,15)
2 (1,14) (2,14)
3 (12,14) (12,15)
0 (0,3) (0,2)
1 (8,15) (6,15)
1 null null
2 (2,14) (1,14)
3 (12,15) (12,14)
0 (0,2) (0,3)
1 (6,15) (5,15)
2 (1,14) (2,14)
3 (12,14) (12,15)
0 (0,3) (0,2)
1 (5,15) (4,15)
2 (2,14) (1,14)
3 (12,15) (12,14)
0 (0,2) (0,3)
1 (4,15) (4,14)
2 (1,14) (2,14)
3 (12,14) (12,15)
0 (0,3) (0,2)
1 (4,14) (4,15)
2 (2,14) (1,14)
3 (12,15) (12,14)
0 (0,2) (0,3)
1 (4,15) (4,14)
2 (1,14) (2,14)
3 (12,14) (12,15)
0 (0,3) (0,2)
1 (4,14) (4,15)
2 (2,14) (1,14)
3 (12,15) (12,14)
0 (0,2) (0,3)
1 (4,15) (4,14)
2 (1,14) (2,14)
3 (12,14) (12,15)
0 (0,3) (0,2)
1 (4,14) (4,15)
2 (2,14) (1,14)
3 (12,15) (12,14)
0 (0,2) (0,3)
1 (4,15) (4,14)
2 (1,14) (2,14)
3 (12,14) (12,15)
0 (0,3) (0,2)
1 (4,14) (4,15)
2 (2,14) (1,14)
3 (12,15) (12,14)
0 (0,2) (0,3)
1 (4,15) (4,14)
2 (1,14) (2,14)
3 (12,14) (12,15)
0 (0,3) (0,2)
1 (4,14) (4,15)
2 (2,14) (1,14)
3 (12,15) (12,14)
0 (0,2) (0,3)
1 (4,15) (4,14)
2 (1,14) (2,14)
3 (12,14) (12,15)
0 (0,3) (0,2)
1 (4,14) (4,15)
2 (2,14) (1,14)
3 (12,15) (12,14)
0 (0,2) (0,3)
1 (4,15) (4,14)
2 (1,14) (2,14)
3 (12,14) (12,15)
0 (0,3) (0,2)
1 (4,14) (4,15)
2 (2,14) (1,14)
3 (12,15) (12,14)
0 (0,2) (0,3)
1 (4,15) (4,14)
2 (1,14) (2,14)
3 (12,14) (12,15)
0 (0,3) (0,2)
1 (4,14) (4,15)
2 (2,14) (1,14)
3 (12,15) (12,14)
0 (0,2) (0,3)
1 (4,15) (4,14)
2 (1,14) (2,14)
3 (12,14) (12,15)
0 (0,3) (0,2)
1 (4,14) (4,15)
2 (2,14) (1,14)
3 (12,15) (12,14)
0 (0,2) (0,3)
GAMEOVER 
WINNER Player-1
# Game ended: Wed Apr 02 23:38:18 GMT-04:00 2014
