# Server version 0.08 running on 142.157.168.132:8123
# Game ID: 148
# Board class: halma.CCBoard
# Timeout: 1000
# Date: Thu Apr 03 17:44:43 GMT-04:00 2014
# Player 1: Player-0, '260449697', running on 142.157.168.132
# Player 2: Player-1, '260449697', running on 142.157.168.132
# Player 3: Player-2, '260449697', running on 142.157.168.132
# Player 4: Player-3, '260449697', running on 142.157.168.132
START Player-0 260449697
START Player-1 260449697
START Player-2 260449697
START Player-3 260449697
0 (1,3) (2,4)
1 (12,1) (11,2)
2 (1,14) (3,12)
2 null null
3 (14,13) (14,11)
3 null null
0 (3,1) (4,2)
1 (14,2) (12,2)
1 (12,2) (10,2)
1 null null
GAMEOVER TIMEOUT Player-2
WINNER Player-0
# Game ended: Thu Apr 03 17:44:44 GMT-04:00 2014
