# Server version 0.08 running on 142.157.168.132:8123
# Game ID: 127
# Board class: halma.CCBoard
# Timeout: 1000
# Date: Thu Apr 03 16:30:35 GMT-04:00 2014
# Player 1: Player-0, '260449697', running on 142.157.168.132
# Player 2: Player-1, '260449697', running on 142.157.168.132
# Player 3: Player-2, '260449697', running on 142.157.168.132
# Player 4: Player-3, '260449697', running on 142.157.168.132
START Player-0 260449697
START Player-1 260449697
START Player-2 260449697
START Player-3 260449697
0 (0,1) (2,3)
0 null null
1 (13,2) (12,3)
2 (2,15) (4,13)
2 null null
3 (14,14) (12,12)
3 null null
0 (1,2) (3,4)
0 null null
1 (12,3) (11,4)
2 (3,14) (5,12)
2 null null
3 (13,13) (11,11)
3 null null
0 (3,0) (3,2)
0 null null
1 (15,0) (13,2)
1 null null
2 (5,12) (6,12)
3 (11,11) (10,10)
0 (2,0) (4,2)
0 null null
1 (11,4) (11,5)
2 (6,12) (7,11)
3 (10,10) (9,9)
0 (2,1) (4,3)
0 null null
1 (14,3) (13,3)
2 (7,11) (7,10)
3 (9,9) (8,8)
0 (4,2) (4,4)
0 null null
1 (13,2) (12,2)
2 (7,10) (8,9)
3 (8,8) (7,7)
0 (3,2) (5,4)
0 null null
1 (15,3) (14,4)
2 (0,15) (2,15)
2 null null
3 (7,7) (6,6)
0 (1,1) (3,3)
0 (3,3) (5,5)
0 (5,5) (7,7)
0 null null
1 (15,1) (15,3)
1 null null
2 (4,13) (5,14)
3 (6,6) (5,5)
0 (4,4) (6,6)
0 (6,6) (8,8)
0 null null
1 (11,5) (10,4)
2 (2,13) (3,14)
3 (15,15) (14,14)
0 (7,7) (9,9)
0 null null
1 (10,4) (11,5)
2 (1,13) (2,13)
3 (14,14) (15,15)
0 (8,8) (10,10)
0 null null
1 (11,5) (10,4)
2 (8,9) (8,8)
3 (15,15) (14,14)
0 (9,9) (11,11)
0 (11,11) (13,13)
0 (13,13) (15,15)
0 null null
1 (10,4) (11,5)
2 (2,13) (4,15)
2 null null
3 (14,14) (13,13)
0 (0,2) (2,4)
0 (2,4) (4,4)
0 (4,4) (6,6)
0 null null
1 (11,5) (10,4)
2 (1,12) (2,12)
3 (5,5) (4,6)
0 (4,3) (6,5)
0 (6,5) (6,7)
0 null null
1 (10,4) (11,5)
2 (2,12) (3,13)
3 (4,6) (3,6)
0 (2,3) (4,5)
0 null null
1 (11,5) (10,4)
2 (3,13) (4,14)
3 (3,6) (2,6)
0 (0,3) (2,3)
0 null null
1 (10,4) (11,5)
2 (8,8) (9,8)
3 (2,6) (1,6)
0 (3,4) (5,6)
0 (5,6) (7,8)
0 null null
1 (11,5) (10,4)
2 (9,8) (10,7)
3 (1,6) (0,5)
0 (6,7) (8,9)
0 null null
1 (10,4) (11,5)
2 (10,7) (11,7)
3 (0,5) (0,4)
0 (7,8) (9,10)
0 (9,10) (11,10)
0 null null
1 (11,5) (10,4)
2 (11,7) (12,6)
3 (13,13) (14,14)
0 (1,3) (3,3)
0 null null
1 (10,4) (11,5)
2 (12,6) (13,6)
3 (14,14) (13,13)
0 (2,2) (4,4)
0 null null
1 (11,5) (10,4)
2 (13,6) (14,7)
3 (13,13) (14,14)
0 (3,3) (5,5)
0 (5,5) (7,7)
0 null null
1 (10,4) (11,5)
2 (14,7) (15,7)
3 (14,14) (13,13)
0 (6,6) (8,8)
0 null null
1 (11,5) (10,4)
2 (15,7) (14,7)
3 (13,13) (14,14)
0 (7,7) (9,9)
0 (9,9) (11,11)
0 (11,11) (13,13)
0 null null
1 (10,4) (11,5)
2 (14,7) (15,7)
3 (14,15) (12,13)
3 null null
0 (0,0) (1,1)
1 (11,5) (10,4)
2 (15,7) (14,7)
3 (14,14) (14,15)
0 (11,10) (12,11)
1 (10,4) (11,5)
2 (14,7) (15,7)
3 (14,15) (14,14)
0 (8,9) (9,10)
1 (11,5) (10,4)
2 (15,7) (14,7)
3 (14,14) (14,15)
0 (8,8) (9,9)
1 (10,4) (11,5)
2 (14,7) (15,7)
3 (14,15) (14,14)
0 (9,9) (11,11)
0 null null
1 (11,5) (10,4)
2 (15,7) (14,7)
3 (14,14) (14,15)
0 (5,4) (6,5)
1 (10,4) (11,5)
2 (14,7) (15,7)
3 (14,15) (14,14)
0 (9,10) (10,11)
1 (11,5) (10,4)
2 (15,7) (14,7)
3 (14,14) (14,15)
0 (10,11) (11,12)
1 (10,4) (11,5)
2 (14,7) (15,7)
3 (14,15) (14,14)
0 (4,5) (5,6)
1 (11,5) (10,4)
2 (15,7) (14,7)
3 (14,14) (14,15)
0 (13,13) (14,14)
1 (10,4) (11,5)
2 (14,7) (15,7)
3 (12,12) (13,13)
0 (10,10) (12,12)
0 null null
1 (11,5) (10,4)
2 (15,7) (14,7)
3 (13,13) (15,11)
3 null null
0 (11,11) (13,13)
0 null null
1 (10,4) (11,5)
2 (14,7) (15,7)
3 (15,14) (13,12)
3 null null
0 (1,0) (2,1)
1 (11,5) (10,4)
2 (15,7) (14,7)
3 (13,12) (15,14)
3 null null
0 (6,5) (7,6)
1 (10,4) (11,5)
2 (14,7) (15,7)
3 (15,14) (13,12)
3 null null
0 (2,1) (3,2)
1 (11,5) (10,4)
2 (15,7) (14,7)
3 (13,12) (15,14)
3 null null
0 (3,1) (3,3)
0 (3,3) (5,5)
0 null null
1 (10,4) (11,5)
2 (14,7) (15,7)
3 (15,14) (13,12)
3 null null
0 (4,4) (6,6)
0 null null
1 (11,5) (10,4)
2 (15,7) (14,7)
3 (13,12) (15,14)
3 null null
0 (5,5) (7,7)
0 null null
1 (10,4) (11,5)
2 (14,7) (15,7)
3 (15,14) (13,12)
3 null null
0 (6,6) (8,8)
0 null null
1 (11,5) (10,4)
2 (15,7) (14,7)
3 (13,12) (15,14)
3 null null
0 (7,7) (9,9)
0 null null
1 (10,4) (11,5)
2 (14,7) (15,7)
3 (15,14) (13,12)
3 null null
0 (8,8) (10,10)
0 null null
1 (11,5) (10,4)
2 (15,7) (14,7)
3 (13,12) (15,14)
3 null null
0 (9,9) (11,11)
0 null null
1 (10,4) (11,5)
2 (14,7) (15,7)
3 (15,14) (13,12)
3 null null
0 (3,2) (4,3)
1 (11,5) (10,4)
2 (15,7) (14,7)
3 (13,12) (15,14)
3 null null
0 (1,1) (2,2)
1 (10,4) (11,5)
2 (14,7) (15,7)
3 (15,14) (13,12)
3 null null
0 (2,2) (3,3)
1 (11,5) (10,4)
2 (15,7) (14,7)
3 (13,12) (15,14)
3 null null
0 (7,6) (8,7)
1 (10,4) (11,5)
2 (14,7) (15,7)
3 (15,14) (13,12)
3 null null
0 (8,7) (9,8)
1 (11,5) (10,4)
2 (15,7) (14,7)
3 (13,12) (15,14)
3 null null
0 (9,8) (10,9)
1 (10,4) (11,5)
2 (14,7) (15,7)
3 (15,14) (13,12)
3 null null
0 (10,9) (11,10)
1 (11,5) (10,4)
2 (15,7) (14,7)
3 (13,12) (15,14)
3 null null
0 (11,10) (13,12)
0 null null
1 (10,4) (11,5)
2 (14,7) (15,7)
3 (15,11) (15,10)
0 (5,6) (6,7)
1 (11,5) (10,4)
2 (15,7) (14,7)
3 (15,10) (15,9)
0 (4,3) (5,4)
1 (10,4) (11,5)
2 (14,7) (15,7)
3 (12,13) (14,11)
3 null null
0 (5,4) (6,5)
1 (11,5) (10,4)
2 (15,7) (14,7)
3 (14,11) (15,11)
0 (6,5) (7,6)
1 (10,4) (11,5)
2 (14,7) (15,7)
3 (14,15) (12,13)
3 null null
0 (7,6) (8,7)
1 (11,5) (10,4)
2 (15,7) (14,7)
3 (0,4) (0,3)
0 (8,7) (9,8)
1 (10,4) (11,5)
2 (14,7) (15,7)
3 (0,3) (1,2)
0 (9,8) (10,9)
1 (11,5) (10,4)
2 (15,7) (14,7)
3 (1,2) (2,2)
0 (10,9) (11,10)
1 (10,4) (11,5)
2 (14,7) (15,7)
3 (2,2) (1,2)
0 (3,3) (4,4)
1 (11,5) (10,4)
2 (15,7) (14,7)
3 (1,2) (2,2)
0 (4,4) (5,5)
1 (10,4) (11,5)
2 (14,7) (15,7)
3 (2,2) (1,2)
0 (5,5) (6,6)
1 (11,5) (10,4)
2 (15,7) (14,7)
3 (1,2) (2,2)
0 (6,6) (7,7)
1 (10,4) (11,5)
2 (14,7) (15,7)
3 (2,2) (1,2)
0 (7,7) (8,8)
1 (11,5) (10,4)
2 (15,7) (14,7)
3 (1,2) (2,2)
0 (8,8) (9,9)
1 (10,4) (11,5)
2 (14,7) (15,7)
3 (2,2) (1,2)
0 (6,7) (7,8)
1 (11,5) (10,4)
2 (15,7) (14,7)
3 (1,2) (2,2)
0 (7,8) (8,9)
1 (10,4) (11,5)
2 (14,7) (15,7)
3 (2,2) (1,2)
0 (8,9) (9,10)
1 (11,5) (10,4)
2 (15,7) (14,7)
3 (1,2) (2,2)
0 (9,10) (10,11)
1 (10,4) (11,5)
2 (14,7) (15,7)
3 (2,2) (1,2)
0 (2,3) (3,4)
1 (11,5) (10,4)
2 (15,7) (14,7)
3 (1,2) (2,2)
0 (3,4) (4,5)
1 (10,4) (11,5)
2 (14,7) (15,7)
3 (2,2) (1,2)
0 (4,5) (5,6)
1 (11,5) (10,4)
2 (15,7) (14,7)
3 (1,2) (2,2)
0 (5,6) (6,7)
1 (10,4) (11,5)
2 (14,7) (15,7)
3 (2,2) (1,2)
0 (6,7) (7,8)
1 (11,5) (10,4)
2 (15,7) (14,7)
3 (1,2) (2,2)
0 (7,8) (8,9)
1 (10,4) (11,5)
2 (14,7) (15,7)
3 (2,2) (1,2)
0 (8,9) (9,10)
1 (11,5) (10,4)
2 (15,7) (14,7)
3 (1,2) (2,2)
0 (11,10) (12,10)
1 (10,4) (11,5)
2 (14,7) (15,7)
3 (2,2) (1,2)
0 (9,10) (11,10)
0 null null
1 (11,5) (10,4)
2 (15,7) (14,7)
3 (1,2) (2,2)
0 (12,10) (13,11)
1 (10,4) (11,5)
2 (14,7) (15,7)
3 (2,2) (1,2)
0 (11,10) (12,10)
1 (11,5) (10,4)
2 (15,7) (14,7)
3 (1,2) (2,2)
0 (14,14) (14,15)
1 (10,4) (11,5)
2 (14,7) (15,7)
3 (2,2) (1,2)
0 (12,12) (14,14)
0 null null
1 (11,5) (10,4)
2 (15,7) (14,7)
3 (1,2) (2,2)
0 (10,10) (12,12)
0 null null
1 (10,4) (11,5)
2 (14,7) (15,7)
3 (2,2) (1,2)
0 (9,9) (10,10)
1 (11,5) (10,4)
2 (15,7) (14,7)
3 (1,2) (2,2)
0 (10,11) (11,10)
1 (10,4) (11,5)
2 (14,7) (15,7)
3 (2,2) (1,2)
0 (11,10) (13,10)
0 null null
1 (11,5) (10,4)
2 (15,7) (14,7)
3 (1,2) (2,2)
0 (13,10) (14,11)
1 (10,4) (11,5)
2 (14,7) (15,7)
3 (2,2) (1,2)
0 (10,10) (11,10)
1 (11,5) (10,4)
2 (15,7) (14,7)
3 (1,2) (2,2)
0 (11,10) (13,10)
0 null null
1 (10,4) (11,5)
2 (14,7) (15,7)
3 (2,2) (1,2)
0 (11,11) (11,13)
0 null null
1 (11,5) (10,4)
2 (15,7) (14,7)
3 (1,2) (2,2)
0 (12,10) (11,11)
1 (10,4) (11,5)
2 (14,7) (15,7)
3 (2,2) (1,2)
0 (13,10) (14,10)
1 (11,5) (10,4)
2 (15,7) (14,7)
3 (1,2) (2,2)
0 (14,10) (15,10)
1 (10,4) (11,5)
2 (14,7) (15,7)
3 (2,2) (1,2)
0 (15,10) (14,10)
1 (11,5) (10,4)
2 (15,7) (14,7)
3 (1,2) (2,2)
0 (14,10) (15,10)
1 (10,4) (11,5)
2 (14,7) (15,7)
3 (2,2) (1,2)
0 (15,10) (14,10)
1 (11,5) (10,4)
2 (15,7) (14,7)
3 (1,2) (2,2)
0 (14,10) (15,10)
1 (10,4) (11,5)
2 (14,7) (15,7)
3 (2,2) (1,2)
0 (15,10) (14,10)
1 (11,5) (10,4)
GAMEOVER 
WINNER Player-0
# Game ended: Thu Apr 03 16:30:36 GMT-04:00 2014
