# Server version 0.08 running on 142.157.168.132:8123
# Game ID: 147
# Board class: halma.CCBoard
# Timeout: 1000
# Date: Thu Apr 03 17:41:33 GMT-04:00 2014
# Player 1: Player-0, '260449697', running on 142.157.168.132
# Player 2: Player-1, '260449697', running on 142.157.168.132
# Player 3: Player-2, '260449697', running on 142.157.168.132
# Player 4: Player-3, '260449697', running on 142.157.168.132
START Player-0 260449697
START Player-1 260449697
START Player-2 260449697
START Player-3 260449697
0 (1,3) (2,4)
1 (12,1) (11,2)
2 (1,14) (3,12)
2 null null
3 (14,13) (14,11)
3 null null
0 (3,1) (4,2)
1 (14,2) (12,2)
1 (12,2) (10,2)
1 null null
2 (2,14) (4,14)
2 null null
3 (13,14) (14,13)
0 (0,2) (1,3)
1 (12,0) (14,2)
1 (14,2) (12,2)
1 null null
2 (3,14) (4,15)
3 (14,13) (13,12)
0 (1,3) (3,5)
0 null null
1 (13,1) (14,2)
2 (0,13) (1,14)
3 (14,12) (14,10)
3 null null
0 (1,1) (3,3)
0 null null
1 (14,2) (13,1)
2 (1,14) (2,14)
3 (12,15) (13,14)
0 (2,1) (3,2)
GAMEOVER ILLEGAL MOVE: Player 1 end turn
WINNER Player-0
# Game ended: Thu Apr 03 17:41:33 GMT-04:00 2014
